Arguments: 
  D:\Program Files\nodejs\node.exe D:\Users\Almas\AppData\Roaming\npm\node_modules\yarn\bin\yarn.js add expo

PATH: 
  D:\ProgramData\Oracle\Java\javapath;D:\Windows\system32;D:\Windows;D:\Windows\System32\Wbem;D:\Windows\System32\WindowsPowerShell\v1.0\;D:\Windows\System32\OpenSSH\;D:\Program Files\Microsoft Windows Performance Toolkit\;D:\Program Files\Git\cmd;D:\Program Files\nodejs\;D:\xampp\php;D:\composer;D:\Users\Almas\AppData\Local\Microsoft\WindowsApps;;D:\Users\Almas\AppData\Local\Programs\Microsoft VS Code\bin;D:\Users\Almas\AppData\Roaming\npm;D:\Users\Almas\AppData\Roaming\Composer\vendor\bin

Yarn version: 
  1.22.10

Node version: 
  12.19.0

Platform: 
  win32 x64

Trace: 
  Error: https://registry.yarnpkg.com/core-js/-/core-js-2.6.12.tgz: ESOCKETTIMEDOUT
      at ClientRequest.<anonymous> (D:\Users\Almas\AppData\Roaming\npm\node_modules\yarn\lib\cli.js:141289:19)
      at Object.onceWrapper (events.js:420:28)
      at ClientRequest.emit (events.js:314:20)
      at TLSSocket.emitRequestTimeout (_http_client.js:716:9)
      at Object.onceWrapper (events.js:420:28)
      at TLSSocket.emit (events.js:326:22)
      at TLSSocket.Socket._onTimeout (net.js:484:8)
      at listOnTimeout (internal/timers.js:554:17)
      at processTimers (internal/timers.js:497:7)

npm manifest: 
  {
    "name": "fyp-naiki",
    "version": "1.0.0",
    "description": "",
    "main": "index.js",
    "scripts": {
      "test": "echo \"Error: no test specified\" && exit 1"
    },
    "author": "",
    "license": "ISC",
    "dependencies": {
      "firebase": "^8.2.5"
    }
  }

yarn manifest: 
  No manifest

Lockfile: 
  No lockfile
